2023-09-27 17:00:20,251 [INFO] Activator:177 - 


2023-09-27 17:00:20,253 [INFO] Activator:178 - !SESSION log4j initialized
2023-09-27 17:00:34,749 [INFO] McuFinderGlobals:39 - Set McuFinder mode to 2 (CubeIDE integrated)
2023-09-27 17:00:35,015 [INFO] ApplicationProperties:181 - Using Application install path: C:\ST\STM32CubeIDE_1.7.0\STM32CubeIDE\plugins\com.st.stm32cube.common.mx_6.3.0.202107141111
2023-09-27 17:00:35,026 [INFO] DbMcusXml:74 - Set database path to: C:\ST\STM32CubeIDE_1.7.0\STM32CubeIDE\plugins\com.st.stm32cube.common.mx_6.3.0.202107141111\\db\/mcu/
2023-09-27 17:00:35,031 [INFO] DbBoardsPdsc:56 - Set plugin database path to: C:\ST\STM32CubeIDE_1.7.0\STM32CubeIDE\plugins\com.st.stm32cube.common.mx_6.3.0.202107141111\\db\/plugins/boardmanager/
2023-09-27 17:00:35,032 [INFO] DbMcus:258 - Set plugin images path to: C:\ST\STM32CubeIDE_1.7.0\STM32CubeIDE\plugins\com.st.stm32cube.common.mx_6.3.0.202107141111\\db\/plugins/mcufinder/images/
2023-09-27 17:00:35,032 [INFO] DbBoards:264 - Set plugin images path to: C:\ST\STM32CubeIDE_1.7.0\STM32CubeIDE\plugins\com.st.stm32cube.common.mx_6.3.0.202107141111\\db\/plugins/mcufinder/images/
2023-09-27 17:00:35,035 [INFO] DbExamples:333 - Set plugin images path to: C:\ST\STM32CubeIDE_1.7.0\STM32CubeIDE\plugins\com.st.stm32cube.common.mx_6.3.0.202107141111\\db\/plugins/mcufinder/images/
2023-09-27 17:00:35,040 [INFO] DbMcusAds:119 - Set database path to: C:\Users\Admin\.stmcufinder\plugins\mcufinder//mcu/
2023-09-27 17:00:35,041 [INFO] DbMcusDocs:110 - Set database path to: C:\Users\Admin\.stmcufinder\plugins\mcufinder//mcu/
2023-09-27 17:00:35,043 [INFO] DbMcusJson:64 - Set database path to: C:\Users\Admin\.stmcufinder\plugins\mcufinder//mcu/
2023-09-27 17:00:35,044 [INFO] DbBoardsDocs:110 - Set database path to: C:\Users\Admin\.stmcufinder\plugins\mcufinder//mcu/
2023-09-27 17:00:35,045 [INFO] DbBoardsJson:57 - Set database path to: C:\Users\Admin\.stmcufinder\plugins\mcufinder//mcu/
2023-09-27 17:00:38,139 [INFO] CrossReferenceDbSqlite:196 - Set database path to: C:\Users\Admin\.stmcufinder\plugins\mcufinder//mcu/cs/
2023-09-27 17:00:38,148 [INFO] DbExamplesSqlite:767 - Set database path to: C:\Users\Admin\.stmcufinder\plugins\mcufinder//mcu/
2023-09-27 17:00:38,239 [INFO] RulesReader:57 - Compatibility file has been processed (242 Rules)
2023-09-27 17:00:38,330 [INFO] DbMcusXml:74 - Set database path to: C:\ST\STM32CubeIDE_1.7.0\STM32CubeIDE\plugins\com.st.stm32cube.common.mx_6.3.0.202107141111\\db\/mcu/
2023-09-27 17:00:38,331 [INFO] DbBoardsPdsc:56 - Set plugin database path to: C:\ST\STM32CubeIDE_1.7.0\STM32CubeIDE\plugins\com.st.stm32cube.common.mx_6.3.0.202107141111\\db\/plugins/boardmanager/
2023-09-27 17:00:38,331 [INFO] DbMcus:258 - Set plugin images path to: C:\ST\STM32CubeIDE_1.7.0\STM32CubeIDE\plugins\com.st.stm32cube.common.mx_6.3.0.202107141111\\db\/plugins/mcufinder/images/
2023-09-27 17:00:38,331 [INFO] DbBoards:264 - Set plugin images path to: C:\ST\STM32CubeIDE_1.7.0\STM32CubeIDE\plugins\com.st.stm32cube.common.mx_6.3.0.202107141111\\db\/plugins/mcufinder/images/
2023-09-27 17:00:38,332 [INFO] DbExamples:333 - Set plugin images path to: C:\ST\STM32CubeIDE_1.7.0\STM32CubeIDE\plugins\com.st.stm32cube.common.mx_6.3.0.202107141111\\db\/plugins/mcufinder/images/
2023-09-27 17:00:38,332 [WARN] DbFile:35 - Overriding database path with different value: C:\Users\Admin\.stmcufinder\plugins\mcufinder/ => C:\Users\Admin\.stmcufinder\plugins\mcufinder
2023-09-27 17:00:38,332 [INFO] DbMcusAds:119 - Set database path to: C:\Users\Admin\.stmcufinder\plugins\mcufinder//mcu/
2023-09-27 17:00:38,332 [WARN] DbFile:35 - Overriding database path with different value: C:\Users\Admin\.stmcufinder\plugins\mcufinder/ => C:\Users\Admin\.stmcufinder\plugins\mcufinder
2023-09-27 17:00:38,332 [INFO] DbMcusDocs:110 - Set database path to: C:\Users\Admin\.stmcufinder\plugins\mcufinder//mcu/
2023-09-27 17:00:38,332 [WARN] DbFile:35 - Overriding database path with different value: C:\Users\Admin\.stmcufinder\plugins\mcufinder/ => C:\Users\Admin\.stmcufinder\plugins\mcufinder
2023-09-27 17:00:38,332 [INFO] DbMcusJson:64 - Set database path to: C:\Users\Admin\.stmcufinder\plugins\mcufinder//mcu/
2023-09-27 17:00:38,332 [WARN] DbFile:35 - Overriding database path with different value: C:\Users\Admin\.stmcufinder\plugins\mcufinder/ => C:\Users\Admin\.stmcufinder\plugins\mcufinder
2023-09-27 17:00:38,332 [INFO] DbBoardsDocs:110 - Set database path to: C:\Users\Admin\.stmcufinder\plugins\mcufinder//mcu/
2023-09-27 17:00:38,332 [WARN] DbFile:35 - Overriding database path with different value: C:\Users\Admin\.stmcufinder\plugins\mcufinder/ => C:\Users\Admin\.stmcufinder\plugins\mcufinder
2023-09-27 17:00:38,333 [INFO] DbBoardsJson:57 - Set database path to: C:\Users\Admin\.stmcufinder\plugins\mcufinder//mcu/
2023-09-27 17:00:38,333 [WARN] DbFile:35 - Overriding database path with different value: C:\Users\Admin\.stmcufinder\plugins\mcufinder/ => C:\Users\Admin\.stmcufinder\plugins\mcufinder
2023-09-27 17:00:38,333 [WARN] DbFile:35 - Overriding database path with different value: C:\Users\Admin\.stmcufinder\plugins\mcufinder/ => C:\Users\Admin\.stmcufinder\plugins\mcufinder
2023-09-27 17:00:38,333 [INFO] CrossReferenceDbSqlite:196 - Set database path to: C:\Users\Admin\.stmcufinder\plugins\mcufinder//mcu/cs/
2023-09-27 17:00:38,333 [WARN] DbFile:35 - Overriding database path with different value: C:\Users\Admin\.stmcufinder\plugins\mcufinder/ => C:\Users\Admin\.stmcufinder\plugins\mcufinder
2023-09-27 17:00:38,333 [INFO] DbExamplesSqlite:767 - Set database path to: C:\Users\Admin\.stmcufinder\plugins\mcufinder//mcu/
2023-09-27 17:00:38,400 [INFO] MainPanel:214 - HeapMemory: 268435456
2023-09-27 17:00:38,493 [INFO] DbMcusXml:74 - Set database path to: C:\ST\STM32CubeIDE_1.7.0\STM32CubeIDE\plugins\com.st.stm32cube.common.mx_6.3.0.202107141111\\db\/mcu/
2023-09-27 17:00:38,493 [INFO] DbBoardsPdsc:56 - Set plugin database path to: C:\ST\STM32CubeIDE_1.7.0\STM32CubeIDE\plugins\com.st.stm32cube.common.mx_6.3.0.202107141111\\db\/plugins/boardmanager/
2023-09-27 17:00:38,493 [INFO] DbMcus:258 - Set plugin images path to: C:\ST\STM32CubeIDE_1.7.0\STM32CubeIDE\plugins\com.st.stm32cube.common.mx_6.3.0.202107141111\\db\/plugins/mcufinder/images/
2023-09-27 17:00:38,494 [INFO] DbBoards:264 - Set plugin images path to: C:\ST\STM32CubeIDE_1.7.0\STM32CubeIDE\plugins\com.st.stm32cube.common.mx_6.3.0.202107141111\\db\/plugins/mcufinder/images/
2023-09-27 17:00:38,494 [INFO] DbExamples:333 - Set plugin images path to: C:\ST\STM32CubeIDE_1.7.0\STM32CubeIDE\plugins\com.st.stm32cube.common.mx_6.3.0.202107141111\\db\/plugins/mcufinder/images/
2023-09-27 17:00:38,494 [WARN] DbFile:35 - Overriding database path with different value: C:\Users\Admin\.stmcufinder\plugins\mcufinder/ => C:\Users\Admin\.stmcufinder\plugins\mcufinder
2023-09-27 17:00:38,494 [INFO] DbMcusAds:119 - Set database path to: C:\Users\Admin\.stmcufinder\plugins\mcufinder//mcu/
2023-09-27 17:00:38,494 [WARN] DbFile:35 - Overriding database path with different value: C:\Users\Admin\.stmcufinder\plugins\mcufinder/ => C:\Users\Admin\.stmcufinder\plugins\mcufinder
2023-09-27 17:00:38,495 [INFO] DbMcusDocs:110 - Set database path to: C:\Users\Admin\.stmcufinder\plugins\mcufinder//mcu/
2023-09-27 17:00:38,495 [WARN] DbFile:35 - Overriding database path with different value: C:\Users\Admin\.stmcufinder\plugins\mcufinder/ => C:\Users\Admin\.stmcufinder\plugins\mcufinder
2023-09-27 17:00:38,495 [INFO] DbMcusJson:64 - Set database path to: C:\Users\Admin\.stmcufinder\plugins\mcufinder//mcu/
2023-09-27 17:00:38,495 [WARN] DbFile:35 - Overriding database path with different value: C:\Users\Admin\.stmcufinder\plugins\mcufinder/ => C:\Users\Admin\.stmcufinder\plugins\mcufinder
2023-09-27 17:00:38,495 [INFO] DbBoardsDocs:110 - Set database path to: C:\Users\Admin\.stmcufinder\plugins\mcufinder//mcu/
2023-09-27 17:00:38,495 [WARN] DbFile:35 - Overriding database path with different value: C:\Users\Admin\.stmcufinder\plugins\mcufinder/ => C:\Users\Admin\.stmcufinder\plugins\mcufinder
2023-09-27 17:00:38,495 [INFO] DbBoardsJson:57 - Set database path to: C:\Users\Admin\.stmcufinder\plugins\mcufinder//mcu/
2023-09-27 17:00:38,495 [WARN] DbFile:35 - Overriding database path with different value: C:\Users\Admin\.stmcufinder\plugins\mcufinder/ => C:\Users\Admin\.stmcufinder\plugins\mcufinder
2023-09-27 17:00:38,495 [WARN] DbFile:35 - Overriding database path with different value: C:\Users\Admin\.stmcufinder\plugins\mcufinder/ => C:\Users\Admin\.stmcufinder\plugins\mcufinder
2023-09-27 17:00:38,496 [INFO] CrossReferenceDbSqlite:196 - Set database path to: C:\Users\Admin\.stmcufinder\plugins\mcufinder//mcu/cs/
2023-09-27 17:00:38,496 [WARN] DbFile:35 - Overriding database path with different value: C:\Users\Admin\.stmcufinder\plugins\mcufinder/ => C:\Users\Admin\.stmcufinder\plugins\mcufinder
2023-09-27 17:00:38,496 [INFO] DbExamplesSqlite:767 - Set database path to: C:\Users\Admin\.stmcufinder\plugins\mcufinder//mcu/
2023-09-27 17:00:38,516 [INFO] ApplicationProperties:181 - Using Application install path: C:\ST\STM32CubeIDE_1.7.0\STM32CubeIDE\plugins\com.st.stm32cube.common.mx_6.3.0.202107141111
2023-09-27 17:00:38,517 [INFO] PluginManage:188 - Search for loadable plugins [exclusion list=, ]
2023-09-27 17:00:38,519 [INFO] PluginManage:302 - Check plugin analytics
2023-09-27 17:00:38,694 [INFO] AnalyticsPlugin:257 - Accepted Software Licenses: 
2023-09-27 17:00:38,694 [INFO] AnalyticsPlugin:259 - Accepted CMSIS Pack Licenses: 
2023-09-27 17:00:38,694 [INFO] AnalyticsPlugin:261 - Accepted Firmware Licenses: 
2023-09-27 17:00:38,695 [INFO] PluginManage:352 - Loaded plugin analytics (category:tool,tabindex:-1)
2023-09-27 17:00:38,695 [INFO] PluginManage:302 - Check plugin clock
2023-09-27 17:00:38,707 [INFO] PluginManage:352 - Loaded plugin clock (category:base,tabindex:2)
2023-09-27 17:00:38,707 [INFO] PluginManage:302 - Check plugin ddr
2023-09-27 17:00:38,709 [INFO] PluginManage:352 - Loaded plugin ddr (category:tool,tabindex:6)
2023-09-27 17:00:38,710 [INFO] PluginManage:302 - Check plugin filemanager
2023-09-27 17:00:38,837 [INFO] PluginManage:352 - Loaded plugin filemanager (category:base,tabindex:10)
2023-09-27 17:00:38,837 [INFO] PluginManage:302 - Check plugin ipmanager
2023-09-27 17:00:38,844 [INFO] PluginManage:352 - Loaded plugin ipmanager (category:base,tabindex:5)
2023-09-27 17:00:38,844 [INFO] PluginManage:302 - Check plugin pinoutandconfiguration
2023-09-27 17:00:38,854 [INFO] PluginManage:352 - Loaded plugin pinoutandconfiguration (category:base,tabindex:1)
2023-09-27 17:00:38,854 [INFO] PluginManage:302 - Check plugin pinoutconfig
2023-09-27 17:00:38,879 [INFO] PluginManage:352 - Loaded plugin pinoutconfig (category:base,tabindex:0)
2023-09-27 17:00:38,880 [INFO] PluginManage:302 - Check plugin power
2023-09-27 17:00:38,892 [INFO] PluginManage:352 - Loaded plugin power (category:power,tabindex:4)
2023-09-27 17:00:38,892 [INFO] PluginManage:302 - Check plugin projectmanager
2023-09-27 17:00:38,908 [INFO] PluginManage:352 - Loaded plugin projectmanager (category:projectmanager,tabindex:3)
2023-09-27 17:00:38,908 [INFO] PluginManage:302 - Check plugin thirdparty
2023-09-27 17:00:39,024 [INFO] PluginManage:352 - Loaded plugin thirdparty (category:base,tabindex:-1)
2023-09-27 17:00:39,024 [INFO] PluginManage:302 - Check plugin tools
2023-09-27 17:00:39,024 [WARN] IntegrityCheckThread:78 - waiting for thirdparty lock release [integrity check]
2023-09-27 17:00:39,025 [INFO] IntegrityCheckThread:80 - entering critical section [integrity check]
2023-09-27 17:00:39,025 [INFO] ThirdPartyUpdaterWithRetryManager:66 - Updater plugin not ready yet. [1/15]
2023-09-27 17:00:39,026 [INFO] PluginManage:352 - Loaded plugin tools (category:base,tabindex:7)
2023-09-27 17:00:39,026 [INFO] PluginManage:302 - Check plugin tutovideos
2023-09-27 17:00:39,269 [INFO] PluginManage:352 - Loaded plugin tutovideos (category:base,tabindex:-1)
2023-09-27 17:00:39,269 [INFO] PluginManage:302 - Check plugin updater
2023-09-27 17:00:39,280 [INFO] PluginManage:352 - Loaded plugin updater (category:base,tabindex:12)
2023-09-27 17:00:39,281 [INFO] PluginManage:275 - PluginManage : Loaded plugins [13]
2023-09-27 17:00:39,460 [INFO] PinOutPanel:1463 - setPackage(No Configuration,No Configuration)
2023-09-27 17:00:39,556 [INFO] IPUIPlugin:74 - create IPUIPlugin
2023-09-27 17:00:39,556 [INFO] PluginManager:213 - loadIPPluginJar : add adc
2023-09-27 17:00:39,558 [INFO] IPUIPlugin:74 - create IPUIPlugin
2023-09-27 17:00:39,558 [INFO] PluginManager:213 - loadIPPluginJar : add aes
2023-09-27 17:00:39,561 [INFO] IPUIPlugin:74 - create IPUIPlugin
2023-09-27 17:00:39,561 [INFO] PluginManager:213 - loadIPPluginJar : add can
2023-09-27 17:00:39,564 [INFO] IPUIPlugin:74 - create IPUIPlugin
2023-09-27 17:00:39,564 [INFO] PluginManager:213 - loadIPPluginJar : add comp
2023-09-27 17:00:39,567 [INFO] IPUIPlugin:74 - create IPUIPlugin
2023-09-27 17:00:39,567 [INFO] PluginManager:213 - loadIPPluginJar : add cryp
2023-09-27 17:00:39,571 [INFO] IPUIPlugin:74 - create IPUIPlugin
2023-09-27 17:00:39,571 [INFO] PluginManager:213 - loadIPPluginJar : add dfsdm
2023-09-27 17:00:39,576 [INFO] IPUIPlugin:74 - create IPUIPlugin
2023-09-27 17:00:39,577 [INFO] PluginManager:213 - loadIPPluginJar : add dma
2023-09-27 17:00:39,580 [INFO] IPUIPlugin:74 - create IPUIPlugin
2023-09-27 17:00:39,580 [INFO] PluginManager:213 - loadIPPluginJar : add dma3
2023-09-27 17:00:39,582 [INFO] IPUIPlugin:74 - create IPUIPlugin
2023-09-27 17:00:39,582 [INFO] PluginManager:213 - loadIPPluginJar : add fatfs
2023-09-27 17:00:39,588 [INFO] IPUIPlugin:74 - create IPUIPlugin
2023-09-27 17:00:39,588 [INFO] PluginManager:213 - loadIPPluginJar : add fmc
2023-09-27 17:00:39,593 [INFO] IPUIPlugin:74 - create IPUIPlugin
2023-09-27 17:00:39,594 [INFO] PluginManager:213 - loadIPPluginJar : add freertos
2023-09-27 17:00:39,596 [INFO] IPUIPlugin:74 - create IPUIPlugin
2023-09-27 17:00:39,596 [INFO] PluginManager:213 - loadIPPluginJar : add genericplugin
2023-09-27 17:00:39,599 [INFO] IPUIPlugin:74 - create IPUIPlugin
2023-09-27 17:00:39,599 [INFO] PluginManager:213 - loadIPPluginJar : add gfxmmu
2023-09-27 17:00:39,606 [INFO] IPUIPlugin:74 - create IPUIPlugin
2023-09-27 17:00:39,606 [INFO] PluginManager:213 - loadIPPluginJar : add gic
2023-09-27 17:00:39,610 [INFO] IPUIPlugin:74 - create IPUIPlugin
2023-09-27 17:00:39,610 [INFO] PluginManager:213 - loadIPPluginJar : add gpio
2023-09-27 17:00:39,614 [INFO] IPUIPlugin:74 - create IPUIPlugin
2023-09-27 17:00:39,614 [INFO] PluginManager:213 - loadIPPluginJar : add gtzc
2023-09-27 17:00:39,617 [INFO] IPUIPlugin:74 - create IPUIPlugin
2023-09-27 17:00:39,617 [INFO] PluginManager:213 - loadIPPluginJar : add hash
2023-09-27 17:00:39,620 [INFO] IPUIPlugin:74 - create IPUIPlugin
2023-09-27 17:00:39,621 [INFO] PluginManager:213 - loadIPPluginJar : add i2c
2023-09-27 17:00:39,624 [INFO] IPUIPlugin:74 - create IPUIPlugin
2023-09-27 17:00:39,624 [INFO] PluginManager:213 - loadIPPluginJar : add i2s
2023-09-27 17:00:39,627 [INFO] IPUIPlugin:74 - create IPUIPlugin
2023-09-27 17:00:39,627 [INFO] PluginManager:213 - loadIPPluginJar : add ipddr
2023-09-27 17:00:39,635 [INFO] IPUIPlugin:74 - create IPUIPlugin
2023-09-27 17:00:39,635 [INFO] PluginManager:213 - loadIPPluginJar : add linkedlist
2023-09-27 17:00:39,637 [INFO] IPUIPlugin:74 - create IPUIPlugin
2023-09-27 17:00:39,638 [INFO] PluginManager:213 - loadIPPluginJar : add lorawan
2023-09-27 17:00:39,639 [INFO] IPUIPlugin:74 - create IPUIPlugin
2023-09-27 17:00:39,639 [INFO] PluginManager:213 - loadIPPluginJar : add ltdc
2023-09-27 17:00:39,642 [INFO] IPUIPlugin:74 - create IPUIPlugin
2023-09-27 17:00:39,643 [INFO] PluginManager:213 - loadIPPluginJar : add mdma
2023-09-27 17:00:39,647 [INFO] IPUIPlugin:74 - create IPUIPlugin
2023-09-27 17:00:39,647 [INFO] PluginManager:213 - loadIPPluginJar : add nvic
2023-09-27 17:00:39,650 [INFO] IPUIPlugin:74 - create IPUIPlugin
2023-09-27 17:00:39,650 [INFO] PluginManager:213 - loadIPPluginJar : add opamp
2023-09-27 17:00:39,654 [INFO] IPUIPlugin:74 - create IPUIPlugin
2023-09-27 17:00:39,654 [INFO] PluginManager:213 - loadIPPluginJar : add openamp
2023-09-27 17:00:39,658 [INFO] IPUIPlugin:74 - create IPUIPlugin
2023-09-27 17:00:39,658 [INFO] PluginManager:213 - loadIPPluginJar : add pdm2pcm
2023-09-27 17:00:39,665 [INFO] IPUIPlugin:74 - create IPUIPlugin
2023-09-27 17:00:39,667 [INFO] PluginManager:213 - loadIPPluginJar : add plateformsettings
2023-09-27 17:00:39,670 [INFO] IPUIPlugin:74 - create IPUIPlugin
2023-09-27 17:00:39,670 [INFO] PluginManager:213 - loadIPPluginJar : add quadspi
2023-09-27 17:00:39,674 [INFO] IPUIPlugin:74 - create IPUIPlugin
2023-09-27 17:00:39,675 [INFO] PluginManager:213 - loadIPPluginJar : add resmgrutility
2023-09-27 17:00:39,677 [INFO] IPUIPlugin:74 - create IPUIPlugin
2023-09-27 17:00:39,678 [INFO] PluginManager:213 - loadIPPluginJar : add sai
2023-09-27 17:00:39,681 [INFO] IPUIPlugin:74 - create IPUIPlugin
2023-09-27 17:00:39,682 [INFO] PluginManager:213 - loadIPPluginJar : add spi
2023-09-27 17:00:39,687 [INFO] IPUIPlugin:74 - create IPUIPlugin
2023-09-27 17:00:39,688 [INFO] PluginManager:213 - loadIPPluginJar : add stm32_wpan
2023-09-27 17:00:39,690 [INFO] IPUIPlugin:74 - create IPUIPlugin
2023-09-27 17:00:39,690 [INFO] PluginManager:213 - loadIPPluginJar : add tim
2023-09-27 17:00:39,693 [INFO] IPUIPlugin:74 - create IPUIPlugin
2023-09-27 17:00:39,693 [INFO] PluginManager:213 - loadIPPluginJar : add touchsensing
2023-09-27 17:00:39,696 [INFO] IPUIPlugin:74 - create IPUIPlugin
2023-09-27 17:00:39,697 [INFO] PluginManager:213 - loadIPPluginJar : add tracer_emb
2023-09-27 17:00:39,699 [INFO] IPUIPlugin:74 - create IPUIPlugin
2023-09-27 17:00:39,699 [INFO] PluginManager:213 - loadIPPluginJar : add ts
2023-09-27 17:00:39,700 [INFO] IPUIPlugin:74 - create IPUIPlugin
2023-09-27 17:00:39,701 [INFO] PluginManager:213 - loadIPPluginJar : add tsc
2023-09-27 17:00:39,703 [INFO] IPUIPlugin:74 - create IPUIPlugin
2023-09-27 17:00:39,703 [INFO] PluginManager:213 - loadIPPluginJar : add ucpd
2023-09-27 17:00:39,706 [INFO] IPUIPlugin:74 - create IPUIPlugin
2023-09-27 17:00:39,706 [INFO] PluginManager:213 - loadIPPluginJar : add usart
2023-09-27 17:00:39,708 [INFO] IPUIPlugin:74 - create IPUIPlugin
2023-09-27 17:00:39,708 [INFO] PluginManager:213 - loadIPPluginJar : add usbx
2023-09-27 17:00:40,027 [FATAL] Updater:294 - Updater called before beeing initialized
2023-09-27 17:00:40,154 [FATAL] Updater:294 - Updater called before beeing initialized
2023-09-27 17:00:40,160 [INFO] DbMcusAds:47 - JSON generation date=Tue Mar 07 15:50:55 ICT 2023 (1678179055114)
2023-09-27 17:00:40,160 [FATAL] Updater:294 - Updater called before beeing initialized
2023-09-27 17:00:40,202 [WARN] DetailPanel:314 - Failed to get advertising image, set to default
2023-09-27 17:00:40,300 [FATAL] Updater:294 - Updater called before beeing initialized
2023-09-27 17:00:40,302 [FATAL] Updater:294 - Updater called before beeing initialized
2023-09-27 17:00:40,302 [FATAL] Updater:294 - Updater called before beeing initialized
2023-09-27 17:00:40,303 [WARN] DetailPanel:314 - Failed to get advertising image, set to default
2023-09-27 17:00:40,304 [FATAL] Updater:294 - Updater called before beeing initialized
2023-09-27 17:00:40,353 [ERROR] Updater:1075 - MainUpdater not yet initialized. External WinMGr cannot be set.
2023-09-27 17:00:40,356 [INFO] Updater:1012 - Updater Version found : 6.3.0
2023-09-27 17:00:40,373 [INFO] ApplicationProperties:181 - Using Application install path: C:\ST\STM32CubeIDE_1.7.0\STM32CubeIDE\plugins\com.st.stm32cube.common.mx_6.3.0.202107141111
2023-09-27 17:00:40,614 [INFO] MainUpdater:2671 - connection check result : 10
2023-09-27 17:00:40,614 [INFO] MainUpdater:265 - Updater Check For Update Now.
2023-09-27 17:00:40,615 [INFO] MicroXplorer:478 - Change Database Version : DB.6.0.30
2023-09-27 17:00:40,765 [INFO] CheckServerUpdateThread:112 - End of CheckServer Thread
2023-09-27 17:00:40,837 [INFO] MainUpdater:2671 - connection check result : 10
2023-09-27 17:00:40,846 [INFO] McuFinderGlobals:52 - Set McuFinderConnectedMode to true
2023-09-27 17:00:41,037 [INFO] ServerAccessManage:362 - Download File mcusAds.json._tmp_
2023-09-27 17:00:41,153 [INFO] LoadUrlFilesThread:145 - End of LoadUrlFiles Thread
2023-09-27 17:00:41,884 [INFO] ServerAccessManage:362 - Download File mcusDocs.json._tmp_
2023-09-27 17:00:42,038 [WARN] MainUpdater:1122 - Updater busy. Cannot search thirdparties
2023-09-27 17:00:42,038 [INFO] ThirdPartyUpdaterWithRetryManager:92 - Updater plugin is busy. [1/15]
2023-09-27 17:00:42,764 [INFO] LoadUrlFilesThread:145 - End of LoadUrlFiles Thread
2023-09-27 17:00:42,944 [INFO] ServerAccessManage:362 - Download File mcusFeaturesAndDescription.json._tmp_
2023-09-27 17:00:43,959 [INFO] LoadUrlFilesThread:145 - End of LoadUrlFiles Thread
2023-09-27 17:00:44,128 [INFO] ServerAccessManage:362 - Download File boardsDocs.json._tmp_
2023-09-27 17:00:44,259 [INFO] LoadUrlFilesThread:145 - End of LoadUrlFiles Thread
2023-09-27 17:00:44,410 [INFO] ServerAccessManage:362 - Download File boards.json._tmp_
2023-09-27 17:00:44,604 [INFO] LoadUrlFilesThread:145 - End of LoadUrlFiles Thread
2023-09-27 17:00:44,820 [INFO] ServerAccessManage:362 - Download File cube-finder-db.zip
2023-09-27 17:00:45,039 [WARN] MainUpdater:1122 - Updater busy. Cannot search thirdparties
2023-09-27 17:00:45,039 [INFO] ThirdPartyUpdaterWithRetryManager:92 - Updater plugin is busy. [2/15]
2023-09-27 17:00:47,524 [INFO] FileExtend:235 - Unzip File : cube-finder-db.zip
2023-09-27 17:00:47,524 [INFO] FileExtend:250 - Standard Zip Deflate
2023-09-27 17:00:48,053 [WARN] MainUpdater:1122 - Updater busy. Cannot search thirdparties
2023-09-27 17:00:48,053 [INFO] ThirdPartyUpdaterWithRetryManager:92 - Updater plugin is busy. [3/15]
2023-09-27 17:00:48,129 [INFO] LoadUrlFilesThread:145 - End of LoadUrlFiles Thread
2023-09-27 17:00:49,242 [INFO] ServerAccessManage:362 - Download File crdb.zip
2023-09-27 17:00:50,634 [INFO] FileExtend:235 - Unzip File : crdb.zip
2023-09-27 17:00:50,634 [INFO] FileExtend:250 - Standard Zip Deflate
2023-09-27 17:00:50,772 [INFO] LoadUrlFilesThread:145 - End of LoadUrlFiles Thread
2023-09-27 17:00:50,928 [INFO] ServerAccessManage:362 - Download File tutoVideoDB.zip
2023-09-27 17:00:50,977 [INFO] FileExtend:235 - Unzip File : tutoVideoDB.zip
2023-09-27 17:00:50,977 [INFO] FileExtend:250 - Standard Zip Deflate
2023-09-27 17:00:51,059 [WARN] MainUpdater:1122 - Updater busy. Cannot search thirdparties
2023-09-27 17:00:51,059 [INFO] ThirdPartyUpdaterWithRetryManager:92 - Updater plugin is busy. [4/15]
2023-09-27 17:00:51,092 [INFO] LoadUrlFilesThread:145 - End of LoadUrlFiles Thread
2023-09-27 17:00:51,093 [INFO] DbMcusAds:47 - JSON generation date=Tue Mar 07 15:50:55 ICT 2023 (1678179055114)
2023-09-27 17:00:51,108 [INFO] DbMcusDocs:143 - JSON generation date=Tue Nov 16 23:17:54 ICT 2021 (1637079474)
2023-09-27 17:00:51,109 [INFO] DbMcusXml:100 - Load MCU database from C:\ST\STM32CubeIDE_1.7.0\STM32CubeIDE\plugins\com.st.stm32cube.common.mx_6.3.0.202107141111\\db\/mcu/families.xml
2023-09-27 17:00:51,852 [INFO] DbMcusJson:93 - JSON generation date=Tue Nov 16 23:17:54 ICT 2021 (1637079474)
2023-09-27 17:00:52,503 [INFO] DbMcus:175 - Found 1951 MCUs (1903 are supported by CubeMX, 1914 are visible in CubeMX)
2023-09-27 17:00:52,503 [INFO] ApiDb:251 - Load user favorites file C:\Users\Admin/.stm32cubeide/favorites.mcus.txt: 0 item(s)
2023-09-27 17:00:52,504 [INFO] ApiDb:255 - User favorites MCUs=[]
2023-09-27 17:00:52,504 [INFO] DbMcus:187 - Set 0 / 0 favorites MCUs
2023-09-27 17:00:52,897 [INFO] DbMcusDocs:79 - Found 682 MCUs documents
2023-09-27 17:00:52,899 [INFO] ApiDb:276 - Save user favorites file C:\Users\Admin/.stm32cubeide/favorites.mcus.txt: 0 item(s)
2023-09-27 17:00:52,899 [INFO] ApiDb:280 - User favorites MCUs=[]
2023-09-27 17:00:52,899 [INFO] DbMcusXml:100 - Load MCU database from C:\ST\STM32CubeIDE_1.7.0\STM32CubeIDE\plugins\com.st.stm32cube.common.mx_6.3.0.202107141111\\db\/mcu/families.xml
2023-09-27 17:00:53,489 [INFO] DbMcusJson:93 - JSON generation date=Tue Nov 16 23:17:54 ICT 2021 (1637079474)
2023-09-27 17:00:54,021 [INFO] DbMcus:175 - Found 1951 MCUs (1903 are supported by CubeMX, 1914 are visible in CubeMX)
2023-09-27 17:00:54,021 [INFO] ApiDb:251 - Load user favorites file C:\Users\Admin/.stm32cubeide/favorites.mcus.txt: 0 item(s)
2023-09-27 17:00:54,021 [INFO] ApiDb:255 - User favorites MCUs=[]
2023-09-27 17:00:54,021 [INFO] DbMcus:187 - Set 0 / 0 favorites MCUs
2023-09-27 17:00:54,026 [INFO] DbBoardsDocs:143 - JSON generation date=Tue Nov 16 23:17:54 ICT 2021 (1637079474)
2023-09-27 17:00:54,042 [INFO] DbBoardsPdsc:90 - Found 25 items
2023-09-27 17:00:54,050 [INFO] DbBoardsPdsc:90 - Found 9 items
2023-09-27 17:00:54,058 [INFO] DbBoardsPdsc:90 - Found 33 items
2023-09-27 17:00:54,066 [INFO] DbBoardsPdsc:90 - Found 1 items
2023-09-27 17:00:54,077 [INFO] DbBoardsPdsc:90 - Found 48 items
2023-09-27 17:00:54,090 [INFO] DbBoardsPdsc:90 - Found 43 items
2023-09-27 17:00:54,097 [INFO] DbBoardsPdsc:90 - Found 2 items
2023-09-27 17:00:54,104 [INFO] DbBoardsPdsc:90 - Found 5 items
2023-09-27 17:00:54,108 [WARN] DbBoardsPdsc:254 - Board STM32H7B3I-DK: unknown feature type=Audio, name=, username=Audio stereo codec with Headphone Amp (CS42L51-CNZ), n=1
2023-09-27 17:00:54,109 [WARN] DbBoardsPdsc:254 - Board STM32H735G-DK: unknown feature type=Audio, name=, username=Audio stereo codec with Headphone Amp (WM8994ECS/R), n=1
2023-09-27 17:00:54,110 [WARN] DbBoardsPdsc:254 - Board STM32H7B3I-EVAL: unknown feature type=Audio, name=, username=Multi-Channel Audio Codec (CS42L51-CNZ), n=1
2023-09-27 17:00:54,110 [WARN] DbBoardsPdsc:254 - Board STM32H7B3I-EVAL: unknown feature type=Meter, name=, username=Power-metering and Temperature-monitoring with sigma-delta modulators, n=1
2023-09-27 17:00:54,110 [WARN] DbBoardsPdsc:254 - Board STM32H7B3I-EVAL: unknown feature type=Motor, name=, username=Motor Control, n=1
2023-09-27 17:00:54,110 [WARN] DbBoardsPdsc:254 - Board STM32U575I-EV: unknown feature type=joystick, name=, username=4-direction joystick with selection button, n=1
2023-09-27 17:00:54,134 [INFO] DbBoardsJson:86 - JSON generation date=Tue Nov 16 23:17:54 ICT 2021 (1637079474)
2023-09-27 17:00:54,144 [INFO] DbBoards:117 - Found 167 boards (163 are supported by CubeMX)
2023-09-27 17:00:54,147 [INFO] DbBoardsDocs:143 - JSON generation date=Tue Nov 16 23:17:54 ICT 2021 (1637079474)
2023-09-27 17:00:54,151 [INFO] DbBoardsDocs:79 - Found 209 boards documents
2023-09-27 17:00:54,152 [WARN] DbBoards:127 - board B-L475E-IOT01A2 has no document id list !
2023-09-27 17:00:54,153 [WARN] DbBoards:127 - board NUCLEO-H743ZI has no document id list !
2023-09-27 17:00:54,154 [WARN] DbBoards:127 - board NUCLEO-WL55JC2 has no document id list !
2023-09-27 17:00:54,154 [WARN] DbBoards:127 - board P-NUCLEO-WB55-Nucleo has no document id list !
2023-09-27 17:00:54,154 [WARN] DbBoards:127 - board P-NUCLEO-WB55-USBDongle has no document id list !
2023-09-27 17:00:54,154 [WARN] DbBoards:127 - board STEVAL-BFA001V1B has no document id list !
2023-09-27 17:00:54,154 [WARN] DbBoards:127 - board STEVAL-BFA001V2B has no document id list !
2023-09-27 17:00:54,154 [WARN] DbBoards:127 - board STEVAL-IDP005V1 has no document id list !
2023-09-27 17:00:54,154 [WARN] DbBoards:127 - board STEVAL-IDP005V2 has no document id list !
2023-09-27 17:00:54,154 [WARN] DbBoards:127 - board STEVAL-MKSBOX1V1 has no document id list !
2023-09-27 17:00:54,154 [WARN] DbBoards:127 - board STEVAL-STWINKT1 has no document id list !
2023-09-27 17:00:54,154 [WARN] DbBoards:127 - board STEVAL-STWINKT1B has no document id list !
2023-09-27 17:00:54,154 [WARN] DbBoards:127 - board STM32439I-EVAL2 has no document id list !
2023-09-27 17:00:54,155 [WARN] DbBoards:127 - board STM32F401C-DISCO has no document id list !
2023-09-27 17:00:54,155 [WARN] DbBoards:127 - board STM32F769I-DISC1 has no document id list !
2023-09-27 17:00:54,155 [WARN] DbBoards:127 - board STM32G474E-EVAL1 has no document id list !
2023-09-27 17:00:54,155 [WARN] DbBoards:127 - board STM32H743I-EVAL2 has no document id list !
2023-09-27 17:00:54,156 [WARN] DbBoards:127 - board STM32H747I-DISC1 has no document id list !
2023-09-27 17:00:54,156 [WARN] DbBoards:127 - board STM32H753I-EVAL2 has no document id list !
2023-09-27 17:00:54,156 [WARN] DbBoards:127 - board STM32L-DISCOVERY has no document id list !
2023-09-27 17:00:54,185 [ERROR] Engine:463 - C:\Users\Admin\.stm32cubemx\thirdparties\pdsc\STMicroelectronics.X-CUBE-SMBUS.2.1.0.pdsc: PDSC version is not supported
2023-09-27 17:00:54,236 [WARN] PackLoader:238 - Cannot read IP mode file for STMicroelectronics.X-CUBE-AZRTOS-F7.1.1.0
2023-09-27 17:00:54,244 [ERROR] Engine:463 - C:\Users\Admin\.stm32cubemx\thirdparties\pdsc\STMicroelectronics.FP-SNS-MOTENV1.4.3.2.pdsc: PDSC version is not supported
2023-09-27 17:00:54,246 [ERROR] Engine:463 - C:\Users\Admin\.stm32cubemx\thirdparties\pdsc\STMicroelectronics.FP-SNS-FLIGHT1.5.0.2.pdsc: PDSC version is not supported
2023-09-27 17:00:54,249 [ERROR] Engine:463 - C:\Users\Admin\.stm32cubemx\thirdparties\pdsc\STMicroelectronics.X-CUBE-DISPLAY.3.0.0.pdsc: PDSC version is not supported
2023-09-27 17:00:54,255 [WARN] PackLoader:238 - Cannot read IP mode file for STMicroelectronics.X-CUBE-BLE1.7.0.0
2023-09-27 17:00:54,258 [ERROR] Engine:463 - C:\Users\Admin\.stm32cubemx\thirdparties\pdsc\emotas.I-CUBE-CANOPEN.1.3.0.pdsc: PDSC version is not supported
2023-09-27 17:00:54,262 [WARN] PackLoader:238 - Cannot read IP mode file for STMicroelectronics.X-CUBE-TOUCHGFX.4.22.0
2023-09-27 17:00:54,265 [ERROR] Engine:463 - C:\Users\Admin\.stm32cubemx\thirdparties\pdsc\STMicroelectronics.FP-SNS-SMARTAG2.1.2.0.pdsc: PDSC version is not supported
2023-09-27 17:00:54,274 [INFO] LogOutputStream:76 - [STDOUT_REDIRECT] 1 : Invalid condition id : UX_CORESTACK_Condition cause : null
2023-09-27 17:00:54,276 [INFO] LogOutputStream:76 - [STDOUT_REDIRECT] 1 : Invalid condition id : UX_CORESTACK_Condition cause : null
2023-09-27 17:00:54,277 [INFO] LogOutputStream:76 - [STDOUT_REDIRECT] 1 : Invalid condition id : UX_CORESTACK_Condition cause : null
2023-09-27 17:00:54,279 [INFO] LogOutputStream:76 - [STDOUT_REDIRECT] 1 : Invalid condition id : UX_CORESTACK_Condition cause : null
2023-09-27 17:00:54,279 [INFO] LogOutputStream:76 - [STDOUT_REDIRECT] 1 : Invalid condition id : UX_CORESTACK_Condition cause : null
2023-09-27 17:00:54,282 [WARN] PackLoader:238 - Cannot read IP mode file for STMicroelectronics.X-CUBE-AZRTOS-WL.2.0.0
2023-09-27 17:00:54,289 [ERROR] DbBoards:189 - Image file not found for board B-U585I-IOT02A: C:\ST\STM32CubeIDE_1.7.0\STM32CubeIDE\plugins\com.st.stm32cube.common.mx_6.3.0.202107141111\\db\/plugins/mcufinder/images/boards/B-U585I-IOT02A_small.jpg
2023-09-27 17:00:54,290 [WARN] PackLoader:238 - Cannot read IP mode file for WES.I-CUBE-Cesium.1.3.0
2023-09-27 17:00:54,295 [WARN] PackLoader:238 - Cannot read IP mode file for STMicroelectronics.X-CUBE-BLE2.3.3.0
2023-09-27 17:00:54,302 [WARN] PackLoader:238 - Cannot read IP mode file for STMicroelectronics.X-CUBE-ALGOBUILD.1.3.0
2023-09-27 17:00:54,319 [WARN] PackLoader:238 - Cannot read IP mode file for STMicroelectronics.X-CUBE-AZRTOS-G0.1.1.0
2023-09-27 17:00:54,328 [WARN] PackLoader:238 - Cannot read IP mode file for STMicroelectronics.X-CUBE-NFC4.3.0.0
2023-09-27 17:00:54,333 [WARN] PackLoader:238 - Cannot read IP mode file for STMicroelectronics.FP-ATR-SIGFOX1.3.2.0
2023-09-27 17:00:54,362 [WARN] PackLoader:238 - Cannot read IP mode file for SEGGER.I-CUBE-embOS.1.3.1
2023-09-27 17:00:54,383 [ERROR] DbBoards:189 - Image file not found for board NUCLEO-F413ZH: C:\ST\STM32CubeIDE_1.7.0\STM32CubeIDE\plugins\com.st.stm32cube.common.mx_6.3.0.202107141111\\db\/plugins/mcufinder/images/boards/nucleo-f413zh_small.jpg
2023-09-27 17:00:54,403 [WARN] PackLoader:238 - Cannot read IP mode file for STMicroelectronics.X-CUBE-GNSS1.6.0.0
2023-09-27 17:00:54,420 [WARN] PackLoader:238 - Cannot read IP mode file for STMicroelectronics.X-CUBE-AZRTOS-F4.1.1.0
2023-09-27 17:00:54,425 [WARN] PackLoader:238 - Cannot read IP mode file for wolfSSL.I-CUBE-wolfSSL.5.6.3
2023-09-27 17:00:54,440 [WARN] PackLoader:238 - Cannot read IP mode file for STMicroelectronics.X-CUBE-AZRTOS-L5.2.0.0
2023-09-27 17:00:54,493 [WARN] PackLoader:238 - Cannot read IP mode file for STMicroelectronics.X-CUBE-MEMS1.9.6.0
2023-09-27 17:00:54,618 [ERROR] DbBoards:189 - Image file not found for board NUCLEO-L552ZE-Q: C:\ST\STM32CubeIDE_1.7.0\STM32CubeIDE\plugins\com.st.stm32cube.common.mx_6.3.0.202107141111\\db\/plugins/mcufinder/images/boards/nucleo_l552ze_q_small.jpg
2023-09-27 17:00:54,619 [ERROR] DbBoards:189 - Image file not found for board NUCLEO-U575ZI-Q: C:\ST\STM32CubeIDE_1.7.0\STM32CubeIDE\plugins\com.st.stm32cube.common.mx_6.3.0.202107141111\\db\/plugins/mcufinder/images/boards/nucleo-u575zi-q_small.jpg
2023-09-27 17:00:54,619 [ERROR] DbBoards:189 - Image file not found for board NUCLEO-WB15CC: C:\ST\STM32CubeIDE_1.7.0\STM32CubeIDE\plugins\com.st.stm32cube.common.mx_6.3.0.202107141111\\db\/plugins/mcufinder/images/boards/nucleo-wb15cc_small.jpg
2023-09-27 17:00:54,619 [ERROR] DbBoards:189 - Image file not found for board NUCLEO-WB55RG: C:\ST\STM32CubeIDE_1.7.0\STM32CubeIDE\plugins\com.st.stm32cube.common.mx_6.3.0.202107141111\\db\/plugins/mcufinder/images/boards/nucleo-wb55rg_small.jpg
2023-09-27 17:00:54,694 [WARN] PackLoader:238 - Cannot read IP mode file for STMicroelectronics.X-CUBE-BLEMGR.2.0.0
2023-09-27 17:00:54,711 [WARN] ConditionMgr:437 - getConditionDescription Invalid condition id : UX DEVICE CLASS RTOS Condition cause : null
2023-09-27 17:00:54,711 [WARN] ConditionMgr:437 - getConditionDescription Invalid condition id : UX DEVICE CLASS RTOS Condition cause : null
2023-09-27 17:00:54,714 [WARN] PackLoader:238 - Cannot read IP mode file for STMicroelectronics.X-CUBE-AZRTOS-H7.3.1.0
2023-09-27 17:00:54,714 [WARN] ConditionMgr:1038 - genDependencies : Invalid condition id : UX DEVICE CLASS RTOS Condition cause : null
2023-09-27 17:00:54,714 [WARN] ConditionMgr:1038 - genDependencies : Invalid condition id : UX DEVICE CLASS RTOS Condition cause : null
2023-09-27 17:00:54,715 [WARN] ConditionMgr:1038 - genDependencies : Invalid condition id : UX DEVICE CLASS RTOS Condition cause : null
2023-09-27 17:00:54,715 [WARN] ConditionMgr:1038 - genDependencies : Invalid condition id : UX DEVICE CLASS RTOS Condition cause : null
2023-09-27 17:00:54,715 [WARN] ConditionMgr:1038 - genDependencies : Invalid condition id : UX DEVICE CLASS RTOS Condition cause : null
2023-09-27 17:00:54,720 [WARN] PackLoader:238 - Cannot read IP mode file for STMicroelectronics.X-CUBE-NFC7.1.0.1
2023-09-27 17:00:54,726 [WARN] PackLoader:238 - Cannot read IP mode file for STMicroelectronics.X-CUBE-NFC6.3.0.0
2023-09-27 17:00:54,732 [WARN] PackLoader:238 - Cannot read IP mode file for STMicroelectronics.X-CUBE-EEPRMA1.4.1.0
2023-09-27 17:00:54,737 [WARN] PackLoader:238 - Cannot read IP mode file for STMicroelectronics.X-CUBE-AI.8.1.0
2023-09-27 17:00:54,763 [WARN] ConditionMgr:437 - getConditionDescription Invalid condition id : LAN8742 Phy interface Condition cause : null
2023-09-27 17:00:54,764 [WARN] PackLoader:238 - Cannot read IP mode file for STMicroelectronics.X-CUBE-AZRTOS-L4.2.0.0
2023-09-27 17:00:54,765 [WARN] ConditionMgr:1038 - genDependencies : Invalid condition id : LAN8742 Phy interface Condition cause : null
2023-09-27 17:00:54,765 [WARN] ConditionMgr:1038 - genDependencies : Invalid condition id : LAN8742 Phy interface Condition cause : null
2023-09-27 17:00:54,766 [WARN] ConditionMgr:1038 - genDependencies : Invalid condition id : LAN8742 Phy interface Condition cause : null
2023-09-27 17:00:54,778 [WARN] PackLoader:238 - Cannot read IP mode file for STMicroelectronics.X-CUBE-SFXS2LP1.4.0.0
2023-09-27 17:00:54,782 [WARN] PackLoader:238 - Cannot read IP mode file for STMicroelectronics.X-CUBE-ISPU.1.1.0
2023-09-27 17:00:54,798 [WARN] ConditionMgr:437 - getConditionDescription Invalid condition id : UX DEVICE CLASS RTOS Condition cause : null
2023-09-27 17:00:54,798 [WARN] ConditionMgr:437 - getConditionDescription Invalid condition id : UX DEVICE CLASS RTOS Condition cause : null
2023-09-27 17:00:54,800 [WARN] PackLoader:238 - Cannot read IP mode file for STMicroelectronics.X-CUBE-AZRTOS-WB.2.0.0
2023-09-27 17:00:54,800 [WARN] ConditionMgr:1038 - genDependencies : Invalid condition id : UX DEVICE CLASS RTOS Condition cause : null
2023-09-27 17:00:54,800 [WARN] ConditionMgr:1038 - genDependencies : Invalid condition id : UX DEVICE CLASS RTOS Condition cause : null
2023-09-27 17:00:54,801 [WARN] ConditionMgr:1038 - genDependencies : Invalid condition id : UX DEVICE CLASS RTOS Condition cause : null
2023-09-27 17:00:54,801 [WARN] ConditionMgr:1038 - genDependencies : Invalid condition id : UX DEVICE CLASS RTOS Condition cause : null
2023-09-27 17:00:54,801 [WARN] ConditionMgr:1038 - genDependencies : Invalid condition id : UX DEVICE CLASS RTOS Condition cause : null
2023-09-27 17:00:54,817 [WARN] PackLoader:238 - Cannot read IP mode file for STMicroelectronics.X-CUBE-SUBG2.5.0.0
2023-09-27 17:00:54,834 [ERROR] Engine:463 - C:\Users\Admin\.stm32cubemx\thirdparties\pdsc\STMicroelectronics.X-CUBE-TOF1.3.3.1.pdsc: PDSC version is not supported
2023-09-27 17:00:54,853 [WARN] PackLoader:238 - Cannot read IP mode file for STMicroelectronics.X-CUBE-AZRTOS-G4.2.0.0
2023-09-27 17:00:54,857 [ERROR] Engine:463 - C:\Users\Admin\.stm32cubemx\thirdparties\pdsc\STMicroelectronics.X-CUBE-FREERTOS.1.1.0.pdsc: PDSC version is not supported
2023-09-27 17:00:54,868 [WARN] PackLoader:238 - Cannot read IP mode file for portGmbH.I-Cube-SoM-uGOAL.1.1.0
2023-09-27 17:00:54,872 [WARN] PackLoader:238 - Cannot read IP mode file for STMicroelectronics.X-CUBE-ALS.1.0.1
2023-09-27 17:00:54,875 [WARN] PackLoader:238 - Cannot read IP mode file for STMicroelectronics.FP-ATR-ASTRA1.2.0.0
2023-09-27 17:00:54,876 [INFO] ThirdParty:915 - Integrity check success = true
2023-09-27 17:00:54,876 [INFO] IntegrityCheckThread:94 - exiting critical section [integrity check]
2023-09-27 17:00:54,876 [INFO] IntegrityCheckThread:97 - End integrity checks thread
2023-09-27 17:00:55,682 [INFO] ApiDb:251 - Load user favorites file C:\Users\Admin/.stm32cubeide/favorites.boards.txt: 0 item(s)
2023-09-27 17:00:55,683 [INFO] ApiDb:255 - User favorites Boards=[]
2023-09-27 17:00:55,683 [INFO] DbBoards:206 - Set 0 / 0 favorites Boards
2023-09-27 17:00:55,685 [INFO] DbBoardsDocs:79 - Found 418 boards documents
2023-09-27 17:00:55,685 [INFO] ApiDb:276 - Save user favorites file C:\Users\Admin/.stm32cubeide/favorites.boards.txt: 0 item(s)
2023-09-27 17:00:55,686 [INFO] ApiDb:280 - User favorites Boards=[]
2023-09-27 17:00:55,688 [INFO] DbBoardsPdsc:90 - Found 25 items
2023-09-27 17:00:55,689 [INFO] DbBoardsPdsc:90 - Found 9 items
2023-09-27 17:00:55,691 [INFO] DbBoardsPdsc:90 - Found 33 items
2023-09-27 17:00:55,692 [INFO] DbBoardsPdsc:90 - Found 1 items
2023-09-27 17:00:55,696 [INFO] DbBoardsPdsc:90 - Found 48 items
2023-09-27 17:00:55,701 [INFO] DbBoardsPdsc:90 - Found 43 items
2023-09-27 17:00:55,702 [INFO] DbBoardsPdsc:90 - Found 2 items
2023-09-27 17:00:55,702 [INFO] DbBoardsPdsc:90 - Found 5 items
2023-09-27 17:00:55,705 [WARN] DbBoardsPdsc:254 - Board STM32H7B3I-DK: unknown feature type=Audio, name=, username=Audio stereo codec with Headphone Amp (CS42L51-CNZ), n=1
2023-09-27 17:00:55,705 [WARN] DbBoardsPdsc:254 - Board STM32H735G-DK: unknown feature type=Audio, name=, username=Audio stereo codec with Headphone Amp (WM8994ECS/R), n=1
2023-09-27 17:00:55,706 [WARN] DbBoardsPdsc:254 - Board STM32H7B3I-EVAL: unknown feature type=Audio, name=, username=Multi-Channel Audio Codec (CS42L51-CNZ), n=1
2023-09-27 17:00:55,706 [WARN] DbBoardsPdsc:254 - Board STM32H7B3I-EVAL: unknown feature type=Meter, name=, username=Power-metering and Temperature-monitoring with sigma-delta modulators, n=1
2023-09-27 17:00:55,706 [WARN] DbBoardsPdsc:254 - Board STM32H7B3I-EVAL: unknown feature type=Motor, name=, username=Motor Control, n=1
2023-09-27 17:00:55,706 [WARN] DbBoardsPdsc:254 - Board STM32U575I-EV: unknown feature type=joystick, name=, username=4-direction joystick with selection button, n=1
2023-09-27 17:00:55,720 [INFO] DbBoardsJson:86 - JSON generation date=Tue Nov 16 23:17:54 ICT 2021 (1637079474)
2023-09-27 17:00:55,724 [INFO] DbBoards:117 - Found 167 boards (163 are supported by CubeMX)
2023-09-27 17:00:55,724 [WARN] DbBoards:127 - board B-L475E-IOT01A2 has no document id list !
2023-09-27 17:00:55,725 [WARN] DbBoards:127 - board NUCLEO-H743ZI has no document id list !
2023-09-27 17:00:55,726 [WARN] DbBoards:127 - board NUCLEO-WL55JC2 has no document id list !
2023-09-27 17:00:55,726 [WARN] DbBoards:127 - board P-NUCLEO-WB55-Nucleo has no document id list !
2023-09-27 17:00:55,726 [WARN] DbBoards:127 - board P-NUCLEO-WB55-USBDongle has no document id list !
2023-09-27 17:00:55,726 [WARN] DbBoards:127 - board STEVAL-BFA001V1B has no document id list !
2023-09-27 17:00:55,726 [WARN] DbBoards:127 - board STEVAL-BFA001V2B has no document id list !
2023-09-27 17:00:55,726 [WARN] DbBoards:127 - board STEVAL-IDP005V1 has no document id list !
2023-09-27 17:00:55,726 [WARN] DbBoards:127 - board STEVAL-IDP005V2 has no document id list !
2023-09-27 17:00:55,726 [WARN] DbBoards:127 - board STEVAL-MKSBOX1V1 has no document id list !
2023-09-27 17:00:55,726 [WARN] DbBoards:127 - board STEVAL-STWINKT1 has no document id list !
2023-09-27 17:00:55,726 [WARN] DbBoards:127 - board STEVAL-STWINKT1B has no document id list !
2023-09-27 17:00:55,726 [WARN] DbBoards:127 - board STM32439I-EVAL2 has no document id list !
2023-09-27 17:00:55,726 [WARN] DbBoards:127 - board STM32F401C-DISCO has no document id list !
2023-09-27 17:00:55,726 [WARN] DbBoards:127 - board STM32F769I-DISC1 has no document id list !
2023-09-27 17:00:55,726 [WARN] DbBoards:127 - board STM32G474E-EVAL1 has no document id list !
2023-09-27 17:00:55,726 [WARN] DbBoards:127 - board STM32H743I-EVAL2 has no document id list !
2023-09-27 17:00:55,726 [WARN] DbBoards:127 - board STM32H747I-DISC1 has no document id list !
2023-09-27 17:00:55,726 [WARN] DbBoards:127 - board STM32H753I-EVAL2 has no document id list !
2023-09-27 17:00:55,727 [WARN] DbBoards:127 - board STM32L-DISCOVERY has no document id list !
2023-09-27 17:00:55,800 [ERROR] DbBoards:189 - Image file not found for board B-U585I-IOT02A: C:\ST\STM32CubeIDE_1.7.0\STM32CubeIDE\plugins\com.st.stm32cube.common.mx_6.3.0.202107141111\\db\/plugins/mcufinder/images/boards/B-U585I-IOT02A_small.jpg
2023-09-27 17:00:55,879 [ERROR] DbBoards:189 - Image file not found for board NUCLEO-F413ZH: C:\ST\STM32CubeIDE_1.7.0\STM32CubeIDE\plugins\com.st.stm32cube.common.mx_6.3.0.202107141111\\db\/plugins/mcufinder/images/boards/nucleo-f413zh_small.jpg
2023-09-27 17:00:56,044 [ERROR] DbBoards:189 - Image file not found for board NUCLEO-L552ZE-Q: C:\ST\STM32CubeIDE_1.7.0\STM32CubeIDE\plugins\com.st.stm32cube.common.mx_6.3.0.202107141111\\db\/plugins/mcufinder/images/boards/nucleo_l552ze_q_small.jpg
2023-09-27 17:00:56,045 [ERROR] DbBoards:189 - Image file not found for board NUCLEO-U575ZI-Q: C:\ST\STM32CubeIDE_1.7.0\STM32CubeIDE\plugins\com.st.stm32cube.common.mx_6.3.0.202107141111\\db\/plugins/mcufinder/images/boards/nucleo-u575zi-q_small.jpg
2023-09-27 17:00:56,045 [ERROR] DbBoards:189 - Image file not found for board NUCLEO-WB15CC: C:\ST\STM32CubeIDE_1.7.0\STM32CubeIDE\plugins\com.st.stm32cube.common.mx_6.3.0.202107141111\\db\/plugins/mcufinder/images/boards/nucleo-wb15cc_small.jpg
2023-09-27 17:00:56,045 [ERROR] DbBoards:189 - Image file not found for board NUCLEO-WB55RG: C:\ST\STM32CubeIDE_1.7.0\STM32CubeIDE\plugins\com.st.stm32cube.common.mx_6.3.0.202107141111\\db\/plugins/mcufinder/images/boards/nucleo-wb55rg_small.jpg
2023-09-27 17:00:56,794 [INFO] ApiDb:251 - Load user favorites file C:\Users\Admin/.stm32cubeide/favorites.boards.txt: 0 item(s)
2023-09-27 17:00:56,794 [INFO] ApiDb:255 - User favorites Boards=[]
2023-09-27 17:00:56,795 [INFO] DbBoards:206 - Set 0 / 0 favorites Boards
2023-09-27 17:00:56,807 [INFO] LoadUrlFilesThread:172 - End of LoadServerUrlFiles without Thread
2023-09-27 17:00:56,807 [INFO] TargetSelectorAdapter:224 - Refresh data is successful
2023-09-27 17:00:56,904 [INFO] ApiDb:479 - Connected to CubeFinder SQLite database (C:\Users\Admin\.stmcufinder\plugins\mcufinder\mcu\cube-finder-db.db)
2023-09-27 17:00:57,618 [INFO] DbExamplesSqlite:411 - Ignored 27 examples not supported by CubeIDE
2023-09-27 17:00:57,619 [INFO] DbExamplesSqlite:412 - Found 7231 examples active
2023-09-27 17:00:57,619 [INFO] DbExamplesSqlite:413 - Found 677 examples obsolete
2023-09-27 17:00:57,619 [INFO] DbExamplesSqlite:414 - Found 0 examples under development
2023-09-27 17:00:57,619 [INFO] DbExamplesSqlite:415 - Found 74 examples not building
2023-09-27 17:00:57,665 [INFO] DbExamplesSqlite:108 - CubeFinder database Data Model version=2.1
2023-09-27 17:00:57,665 [INFO] DbExamplesSqlite:109 - CubeFinder database Configuration version=3.0.37
2023-09-27 17:00:57,665 [INFO] DbExamplesSqlite:110 - CubeFinder database generation date=2023-08-09 (1691586011)
2023-09-27 17:00:57,665 [INFO] DbExamplesSqlite:111 - CubeFinder database FW Pack versions=[FP-ATR-ASTRA1_V2.0.0, FP-SNS-FLIGHT1_V5.0.1, FP-SNS-FLIGHT1_V5.0.2, FP-SNS-MOTENV1_V4.3.1, FP-SNS-MOTENV1_V4.3.2, STM32Cube_FW_C0_V1.1.0, STM32Cube_FW_F4_V1.27.1, STM32Cube_FW_F7_V1.17.0, STM32Cube_FW_G0_V1.6.1, STM32Cube_FW_G4_V1.5.1, STM32Cube_FW_H5_V0.5.1, STM32Cube_FW_H5_V1.1.0, STM32Cube_FW_H7_V1.11.0, STM32Cube_FW_L0_V1.12.2, STM32Cube_FW_L5_V1.5.0, STM32Cube_FW_U5_V1.3.0, STM32Cube_FW_U5_V1.3.0RC4, STM32Cube_FW_WBA_V1.0.0RC1, STM32Cube_FW_WBA_V1.1.0, STM32Cube_FW_WBA_V1.1.0RC1, STM32Cube_FW_WB_V1.15.0RC1, STM32Cube_FW_WB_V1.16.0, STM32Cube_FW_WB_V1.16.0RC2, STM32Cube_FW_WB_V1.17.0, STM32Cube_FW_WL_V1.3.0, X-CUBE-ALGOBUILD_V1.3.0, X-CUBE-ALS_V1.0.1, X-CUBE-AZRTOS-F4_V1.1.0, X-CUBE-AZRTOS-F7_V1.1.0, X-CUBE-AZRTOS-G0_V1.1.0, X-CUBE-AZRTOS-G4_V2.0.0, X-CUBE-AZRTOS-H7_V3.1.0, X-CUBE-AZRTOS-L4_V1.0.0, X-CUBE-AZRTOS-L4_V2.0.0, X-CUBE-AZRTOS-L5_V1.1.0, X-CUBE-AZRTOS-WB_V1.1.0, X-CUBE-AZRTOS-WL_V2.0.0, X-CUBE-BLE1_V7.0.0, X-CUBE-BLE2_V3.3.0, X-CUBE-BLEMGR_V2.0.0, X-CUBE-EEPRMA1_V4.1.0, X-CUBE-FREERTOS_V1.1.0, X-CUBE-GNSS1_V6.0.0, X-CUBE-MEMS1_V9.1.0, X-CUBE-MEMS1_V9.4.0, X-CUBE-MEMS1_V9.6.0, X-CUBE-NFC4_V3.0.0, X-CUBE-NFC7_V1.0.0, X-CUBE-SFXS2LP1_V4.0.0, X-CUBE-SUBG2_V5.0.0, X-CUBE-TOF1_V3.3.1]
2023-09-27 17:00:57,666 [INFO] DbExamples:130 - Found 7278 examples
2023-09-27 17:00:58,360 [ERROR] DbExamples:206 - Found 7278 examples with invalid data (board or MCU)
2023-09-27 17:00:58,360 [INFO] DbExamples:222 - Found 79 boards with related examples
2023-09-27 17:00:58,360 [INFO] DbExamples:235 - Found 0 MCUs with related examples
2023-09-27 17:00:58,377 [INFO] ApiDb:242 - User favorites file not found: C:\Users\Admin/.stm32cubeide/favorites.examples.txt
2023-09-27 17:00:58,378 [INFO] DbExamples:256 - Set 0 / 0 favorites Examples
2023-09-27 17:00:58,506 [INFO] McuFinderGlobals:52 - Set McuFinderConnectedMode to false
2023-09-27 17:00:58,580 [INFO] CrossSelectorPresenter:1330 - Cross Selector saved comparison directory: C:\Users\Admin\.stmcufinder\plugins\mcufinder\mcu\cs_comparisons_mx
2023-09-27 17:00:58,587 [INFO] MultiScanPanel:197 - Auto-refresh data requested => check proxy status ongoing
2023-09-27 17:00:58,587 [INFO] MultiScanPanel:201 - Proxy status is invalid
2023-09-27 17:00:58,589 [INFO] FinderPluginLoader:87 - Searching for filters in installed packs
2023-09-27 17:00:58,978 [INFO] DetailPanel:309 - Set advertising image to C:/Users/Admin/STM32Cube/Repository/\en.prom-stm32h5-mcu-finder.jpg
2023-09-27 17:01:26,350 [INFO] MainUpdater:2671 - connection check result : 10
2023-09-27 17:01:26,350 [INFO] MainUpdater:2671 - connection check result : 10
2023-09-27 17:01:26,381 [INFO] MicroXplorer:448 - Change Database Path : 
2023-09-27 17:01:26,381 [INFO] MicroXplorer:478 - Change Database Version : DB.6.0.30
2023-09-27 17:01:26,381 [WARN] ThirdParty:813 - waiting for thirdparty lock release [close project]
2023-09-27 17:01:26,381 [INFO] ThirdParty:815 - entering critical section [close project]
2023-09-27 17:01:26,382 [INFO] ThirdParty:825 - exiting critical section [close project]
2023-09-27 17:01:26,384 [INFO] PinOutPanel:1463 - setPackage(No Configuration,No Configuration)
2023-09-27 17:01:26,385 [INFO] UtilMem:74 - Begin LoadConfig() Used Memory: 600093760 Bytes (654311424)
2023-09-27 17:01:26,386 [INFO] MicroXplorer:448 - Change Database Path : 
2023-09-27 17:01:26,386 [INFO] MicroXplorer:478 - Change Database Version : DB.6.0.30
2023-09-27 17:01:26,386 [INFO] OpenFileManager:313 - Change cursor
2023-09-27 17:01:27,006 [INFO] Context:592 - Trying to add GPIOservice into a context  which must be forbidden
2023-09-27 17:01:27,179 [INFO] ImportTextPane:167 - (OptionalMessage_ERROR) Unable to find key (Mcu.ThirdPartyNb) in loaded IOC file
2023-09-27 17:01:27,179 [INFO] ImportTextPane:167 - (OptionalMessage_ERROR) Unable to find key (Mcu.PinsNb) in loaded IOC file
2023-09-27 17:01:27,179 [INFO] ImportTextPane:167 - (OptionalMessage_ERROR) Unable to find key (Mcu.IPNb) in loaded IOC file
2023-09-27 17:01:27,226 [WARN] ApiManager:304 - Cannot register API 'Board Extension:GNSS1A1' from pack STMicroelectronics.X-CUBE-GNSS1.6.0.0: no header file found
2023-09-27 17:01:27,226 [WARN] ApiManager:304 - Cannot register API 'Board Support:Custom' from pack STMicroelectronics.X-CUBE-GNSS1.6.0.0: no header file found
2023-09-27 17:01:27,226 [WARN] ApiManager:304 - Cannot register API 'Data Exchange:lib_gnss' from pack STMicroelectronics.X-CUBE-GNSS1.6.0.0: no header file found
2023-09-27 17:01:27,231 [WARN] ApiManager:304 - Cannot register API 'Wireless:BlueNRG-MS' from pack STMicroelectronics.X-CUBE-BLE1.7.0.0: no header file found
2023-09-27 17:01:27,235 [WARN] ModelIntegratedComponent:60 - No mode defined for component null
2023-09-27 17:01:27,235 [WARN] ModelIntegratedComponent:60 - No mode defined for component null
2023-09-27 17:01:27,235 [WARN] ModelIntegratedComponent:60 - No mode defined for component null
2023-09-27 17:01:27,236 [WARN] ModelIntegratedComponent:60 - No mode defined for component null
2023-09-27 17:01:27,236 [WARN] ModelIntegratedComponent:60 - No mode defined for component null
2023-09-27 17:01:27,236 [WARN] ModelIntegratedComponent:60 - No mode defined for component null
2023-09-27 17:01:27,236 [WARN] ModelIntegratedComponent:60 - No mode defined for component null
2023-09-27 17:01:27,236 [WARN] ModelIntegratedComponent:60 - No mode defined for component null
2023-09-27 17:01:27,236 [WARN] ModelIntegratedComponent:60 - No mode defined for component null
2023-09-27 17:01:27,236 [WARN] ModelIntegratedComponent:60 - No mode defined for component null
2023-09-27 17:01:27,236 [WARN] ModelIntegratedComponent:60 - No mode defined for component null
2023-09-27 17:01:27,236 [WARN] ModelIntegratedComponent:60 - No mode defined for component null
2023-09-27 17:01:27,236 [WARN] ModelIntegratedComponent:60 - No mode defined for component null
2023-09-27 17:01:27,236 [WARN] ModelIntegratedComponent:60 - No mode defined for component null
2023-09-27 17:01:27,236 [WARN] ModelIntegratedComponent:60 - No mode defined for component null
2023-09-27 17:01:27,236 [WARN] ModelIntegratedComponent:60 - No mode defined for component null
2023-09-27 17:01:27,237 [WARN] ModelIntegratedComponent:60 - No mode defined for component null
2023-09-27 17:01:27,237 [WARN] ModelIntegratedComponent:60 - No mode defined for component null
2023-09-27 17:01:27,237 [WARN] ModelIntegratedComponent:60 - No mode defined for component null
2023-09-27 17:01:27,237 [WARN] ModelIntegratedComponent:60 - No mode defined for component null
2023-09-27 17:01:27,237 [WARN] ModelIntegratedComponent:60 - No mode defined for component null
2023-09-27 17:01:27,237 [WARN] ModelIntegratedComponent:60 - No mode defined for component null
2023-09-27 17:01:27,237 [WARN] ModelIntegratedComponent:60 - No mode defined for component null
2023-09-27 17:01:27,237 [WARN] ModelIntegratedComponent:60 - No mode defined for component null
2023-09-27 17:01:27,237 [WARN] ModelIntegratedComponent:60 - No mode defined for component null
2023-09-27 17:01:27,237 [WARN] ModelIntegratedComponent:60 - No mode defined for component null
2023-09-27 17:01:27,237 [WARN] ModelIntegratedComponent:60 - No mode defined for component null
2023-09-27 17:01:27,237 [WARN] ModelIntegratedComponent:60 - No mode defined for component null
2023-09-27 17:01:27,237 [WARN] ModelIntegratedComponent:60 - No mode defined for component null
2023-09-27 17:01:27,238 [WARN] ModelIntegratedComponent:60 - No mode defined for component null
2023-09-27 17:01:27,238 [WARN] ModelIntegratedComponent:60 - No mode defined for component null
2023-09-27 17:01:27,240 [WARN] ApiManager:304 - Cannot register API 'Board Extension:NFC07A1' from pack STMicroelectronics.X-CUBE-NFC7.1.0.1: no header file found
2023-09-27 17:01:27,244 [WARN] ApiManager:304 - Cannot register API 'Board Extension:NFC06A1' from pack STMicroelectronics.X-CUBE-NFC6.3.0.0: no header file found
2023-09-27 17:01:27,244 [WARN] ApiManager:304 - Cannot register API 'Board Extension:NFC08A1' from pack STMicroelectronics.X-CUBE-NFC6.3.0.0: no header file found
2023-09-27 17:01:27,245 [WARN] ApiManager:304 - Cannot register API 'Board Extension:EEPRMA1' from pack STMicroelectronics.X-CUBE-EEPRMA1.4.1.0: no header file found
2023-09-27 17:01:27,246 [WARN] ApiManager:304 - Cannot register API 'Board Extension:EEPRMA2' from pack STMicroelectronics.X-CUBE-EEPRMA1.4.1.0: no header file found
2023-09-27 17:01:27,246 [WARN] ApiManager:304 - Cannot register API 'Board Extension:PGEEZ1' from pack STMicroelectronics.X-CUBE-EEPRMA1.4.1.0: no header file found
2023-09-27 17:01:27,246 [WARN] ApiManager:304 - Cannot register API 'Board Part:M24' from pack STMicroelectronics.X-CUBE-EEPRMA1.4.1.0: no header file found
2023-09-27 17:01:27,246 [WARN] ApiManager:304 - Cannot register API 'Board Part:M95' from pack STMicroelectronics.X-CUBE-EEPRMA1.4.1.0: no header file found
2023-09-27 17:01:27,246 [WARN] ApiManager:304 - Cannot register API 'Board Part:M95P32' from pack STMicroelectronics.X-CUBE-EEPRMA1.4.1.0: no header file found
2023-09-27 17:01:27,246 [WARN] ApiManager:304 - Cannot register API 'PGEEZ1:SPI' from pack STMicroelectronics.X-CUBE-EEPRMA1.4.1.0: no header file found
2023-09-27 17:01:27,246 [WARN] ApiManager:304 - Cannot register API 'PGEEZ1:QDSPI' from pack STMicroelectronics.X-CUBE-EEPRMA1.4.1.0: no header file found
2023-09-27 17:01:27,505 [WARN] ApiManager:304 - Cannot register API 'Board Extension:IKS01A3' from pack STMicroelectronics.X-CUBE-MEMS1.9.6.0: no header file found
2023-09-27 17:01:27,506 [WARN] ApiManager:304 - Cannot register API 'Board Extension:IKS01A2' from pack STMicroelectronics.X-CUBE-MEMS1.9.6.0: no header file found
2023-09-27 17:01:27,506 [WARN] ApiManager:304 - Cannot register API 'Board Extension:IKS02A1' from pack STMicroelectronics.X-CUBE-MEMS1.9.6.0: no header file found
2023-09-27 17:01:27,517 [INFO] RtosManager:484 - Registered RTOS mode: class=CMSIS, group=RTOS, mode=CMSIS_V1, owner=FREERTOS
2023-09-27 17:01:27,517 [INFO] RtosManager:484 - Registered RTOS mode: class=CMSIS, group=RTOS2, mode=CMSIS_V2, owner=FREERTOS
2023-09-27 17:01:27,517 [INFO] RtosManager:484 - Registered RTOS mode: class=RTOS, group=Core, mode=CMSIS_V1, owner=FREERTOS
2023-09-27 17:01:27,517 [INFO] RtosManager:484 - Registered RTOS mode: class=RTOS, group=Core, mode=CMSIS_V2, owner=FREERTOS
2023-09-27 17:01:27,517 [WARN] ModelIntegratedComponent:181 - Missing modes for component STMicroelectronics:FreeRTOS:0.0.1:STMicroelectronics:RTOS:FreeRTOS:Core:::10.2.0:
2023-09-27 17:01:27,519 [WARN] ApiManager:304 - Cannot register API 'Board Extension:NFC04A1' from pack STMicroelectronics.X-CUBE-NFC4.3.0.0: no header file found
2023-09-27 17:01:27,522 [WARN] ApiManager:304 - Cannot register API 'Board Extension:S2868A1' from pack STMicroelectronics.X-CUBE-SUBG2.5.0.0: no header file found
2023-09-27 17:01:27,522 [WARN] ApiManager:304 - Cannot register API 'Board Extension:S2868A2' from pack STMicroelectronics.X-CUBE-SUBG2.5.0.0: no header file found
2023-09-27 17:01:27,522 [WARN] ApiManager:304 - Cannot register API 'Board Extension:S2915A1' from pack STMicroelectronics.X-CUBE-SUBG2.5.0.0: no header file found
2023-09-27 17:01:27,527 [WARN] ApiManager:304 - Cannot register API 'Board Extension:S2868A1' from pack STMicroelectronics.X-CUBE-SFXS2LP1.4.0.0: no header file found
2023-09-27 17:01:27,527 [WARN] ApiManager:304 - Cannot register API 'Board Extension:S2868A2' from pack STMicroelectronics.X-CUBE-SFXS2LP1.4.0.0: no header file found
2023-09-27 17:01:27,527 [WARN] ApiManager:304 - Cannot register API 'Board Extension:S2915A1' from pack STMicroelectronics.X-CUBE-SFXS2LP1.4.0.0: no header file found
2023-09-27 17:01:27,528 [WARN] ApiManager:304 - Cannot register API 'Wireless:BlueNRG-2' from pack STMicroelectronics.X-CUBE-BLE2.3.3.0: no header file found
2023-09-27 17:01:29,299 [INFO] UtilMem:74 - End LoadConfig() Used Memory: 615479856 Bytes (654311424)
2023-09-27 17:01:29,301 [WARN] ThirdParty:779 - waiting for thirdparty lock release [change project]
2023-09-27 17:01:29,301 [INFO] ThirdParty:781 - entering critical section [change project]
2023-09-27 17:01:29,301 [INFO] ThirdParty:967 - CMSIS Pack Vendor :STMicroelectronics X-CUBE-ISPU 1.1.0
2023-09-27 17:01:29,301 [INFO] ThirdParty:967 - CMSIS Pack Vendor :STMicroelectronics X-CUBE-GNSS1 6.0.0
2023-09-27 17:01:29,301 [INFO] ThirdParty:967 - CMSIS Pack Vendor :STMicroelectronics USB_HOST 2.0.0
2023-09-27 17:01:29,301 [INFO] ThirdParty:967 - CMSIS Pack Vendor :STMicroelectronics X-CUBE-AZRTOS-F4 1.1.0
2023-09-27 17:01:29,301 [INFO] ThirdParty:967 - CMSIS Pack Vendor :STMicroelectronics X-CUBE-BLE1 7.0.0
2023-09-27 17:01:29,301 [INFO] ThirdParty:967 - CMSIS Pack Vendor :STMicroelectronics FP-ATR-SIGFOX1 3.2.0
2023-09-27 17:01:29,301 [INFO] ThirdParty:967 - CMSIS Pack Vendor :wolfSSL I-CUBE-wolfSSL 5.6.3
2023-09-27 17:01:29,301 [INFO] ThirdParty:967 - CMSIS Pack Vendor :STMicroelectronics USB_DEVICE 3.0.0
2023-09-27 17:01:29,301 [INFO] ThirdParty:967 - CMSIS Pack Vendor :STMicroelectronics HAL Drivers 0.0.0
2023-09-27 17:01:29,301 [INFO] ThirdParty:967 - CMSIS Pack Vendor :STMicroelectronics MBEDTLS 2.16.2
2023-09-27 17:01:29,301 [INFO] ThirdParty:967 - CMSIS Pack Vendor :STMicroelectronics X-CUBE-AZRTOS-WB 2.0.0
2023-09-27 17:01:29,301 [INFO] ThirdParty:967 - CMSIS Pack Vendor :STMicroelectronics X-CUBE-TOUCHGFX 4.22.0
2023-09-27 17:01:29,301 [INFO] ThirdParty:967 - CMSIS Pack Vendor :STMicroelectronics X-CUBE-NFC7 1.0.1
2023-09-27 17:01:29,302 [INFO] ThirdParty:967 - CMSIS Pack Vendor :STMicroelectronics MBEDTLS 2.14.1
2023-09-27 17:01:29,302 [INFO] ThirdParty:967 - CMSIS Pack Vendor :STMicroelectronics X-CUBE-AZRTOS-F7 1.1.0
2023-09-27 17:01:29,302 [INFO] ThirdParty:967 - CMSIS Pack Vendor :STMicroelectronics X-CUBE-AZRTOS-L5 2.0.0
2023-09-27 17:01:29,302 [INFO] ThirdParty:967 - CMSIS Pack Vendor :STMicroelectronics X-CUBE-NFC6 3.0.0
2023-09-27 17:01:29,302 [INFO] ThirdParty:967 - CMSIS Pack Vendor :STMicroelectronics X-CUBE-EEPRMA1 4.1.0
2023-09-27 17:01:29,302 [INFO] ThirdParty:967 - CMSIS Pack Vendor :portGmbH I-Cube-SoM-uGOAL 1.1.0
2023-09-27 17:01:29,302 [INFO] ThirdParty:967 - CMSIS Pack Vendor :STMicroelectronics X-CUBE-ALS 1.0.1
2023-09-27 17:01:29,302 [INFO] ThirdParty:967 - CMSIS Pack Vendor :STMicroelectronics USB_DEVICE 2.0.0
2023-09-27 17:01:29,302 [INFO] ThirdParty:967 - CMSIS Pack Vendor :STMicroelectronics X-CUBE-MEMS1 9.6.0
2023-09-27 17:01:29,302 [INFO] ThirdParty:967 - CMSIS Pack Vendor :STMicroelectronics X-CUBE-AZRTOS-WL 2.0.0
2023-09-27 17:01:29,302 [INFO] ThirdParty:967 - CMSIS Pack Vendor :STMicroelectronics X-CUBE-ALGOBUILD 1.3.0
2023-09-27 17:01:29,302 [INFO] ThirdParty:967 - CMSIS Pack Vendor :SEGGER I-CUBE-embOS 1.3.1
2023-09-27 17:01:29,302 [INFO] ThirdParty:967 - CMSIS Pack Vendor :STMicroelectronics FreeRTOS 0.0.1
2023-09-27 17:01:29,302 [INFO] ThirdParty:967 - CMSIS Pack Vendor :STMicroelectronics X-CUBE-AZRTOS-G0 1.1.0
2023-09-27 17:01:29,302 [INFO] ThirdParty:967 - CMSIS Pack Vendor :STMicroelectronics USB_DEVICE 1.0.0
2023-09-27 17:01:29,302 [INFO] ThirdParty:967 - CMSIS Pack Vendor :STMicroelectronics X-CUBE-BLEMGR 2.0.0
2023-09-27 17:01:29,302 [INFO] ThirdParty:967 - CMSIS Pack Vendor :STMicroelectronics X-CUBE-AI 8.1.0
2023-09-27 17:01:29,302 [INFO] ThirdParty:967 - CMSIS Pack Vendor :STMicroelectronics X-CUBE-NFC4 3.0.0
2023-09-27 17:01:29,302 [INFO] ThirdParty:967 - CMSIS Pack Vendor :STMicroelectronics X-CUBE-SUBG2 5.0.0
2023-09-27 17:01:29,303 [INFO] ThirdParty:967 - CMSIS Pack Vendor :STMicroelectronics X-CUBE-AZRTOS-L4 2.0.0
2023-09-27 17:01:29,303 [INFO] ThirdParty:967 - CMSIS Pack Vendor :STMicroelectronics ThreadX 0.0.2
2023-09-27 17:01:29,303 [INFO] ThirdParty:967 - CMSIS Pack Vendor :WES I-CUBE-Cesium 1.3.0
2023-09-27 17:01:29,303 [INFO] ThirdParty:967 - CMSIS Pack Vendor :STMicroelectronics FP-ATR-ASTRA1 2.0.0
2023-09-27 17:01:29,303 [INFO] ThirdParty:967 - CMSIS Pack Vendor :STMicroelectronics lwIP 2.0.3
2023-09-27 17:01:29,303 [INFO] ThirdParty:967 - CMSIS Pack Vendor :STMicroelectronics lwIP 2.1.2
2023-09-27 17:01:29,303 [INFO] ThirdParty:967 - CMSIS Pack Vendor :STMicroelectronics X-CUBE-SFXS2LP1 4.0.0
2023-09-27 17:01:29,303 [INFO] ThirdParty:967 - CMSIS Pack Vendor :STMicroelectronics X-CUBE-BLE2 3.3.0
2023-09-27 17:01:29,303 [INFO] ThirdParty:967 - CMSIS Pack Vendor :STMicroelectronics USB_HOST 1.0.0
2023-09-27 17:01:29,303 [INFO] ThirdParty:967 - CMSIS Pack Vendor :STMicroelectronics X-CUBE-AZRTOS-G4 2.0.0
2023-09-27 17:01:29,303 [INFO] ThirdParty:967 - CMSIS Pack Vendor :STMicroelectronics PDM2PCM 3.1.0
2023-09-27 17:01:29,303 [INFO] ThirdParty:967 - CMSIS Pack Vendor :STMicroelectronics X-CUBE-AZRTOS-H7 3.1.0
2023-09-27 17:01:29,303 [INFO] ThirdParty:967 - CMSIS Pack Vendor :STMicroelectronics PDM2PCM 3.2.0
2023-09-27 17:01:29,303 [INFO] ThirdParty:967 - CMSIS Pack Vendor :STMicroelectronics PDM2PCM 3.3.0
2023-09-27 17:01:29,303 [INFO] ThirdParty:787 - exiting critical section [change project]
2023-09-27 17:01:29,478 [INFO] PinOutPanel:1463 - setPackage(No Configuration,No Configuration)
2023-09-27 17:01:29,479 [INFO] PinOutPanel:1463 - setPackage(STM32F103C6Ux,UFQFPN48)
2023-09-27 17:01:29,836 [INFO] UtilMem:74 - Before build in PCC Used Memory: 629117024 Bytes (654311424)
2023-09-27 17:01:30,321 [INFO] UtilMem:74 - After build in PCC Used Memory: 652220112 Bytes (670040064)
2023-09-27 17:01:30,341 [INFO] IPUIPlugin:74 - create IPUIPlugin
2023-09-27 17:01:30,341 [INFO] IPUIPlugin:74 - create IPUIPlugin
2023-09-27 17:01:30,341 [INFO] IPUIPlugin:74 - create IPUIPlugin
2023-09-27 17:01:30,341 [INFO] IPUIPlugin:74 - create IPUIPlugin
2023-09-27 17:01:30,341 [INFO] IPUIPlugin:74 - create IPUIPlugin
2023-09-27 17:01:30,341 [INFO] IPUIPlugin:74 - create IPUIPlugin
2023-09-27 17:01:30,341 [INFO] IPUIPlugin:74 - create IPUIPlugin
2023-09-27 17:01:30,342 [INFO] IPUIPlugin:74 - create IPUIPlugin
2023-09-27 17:01:30,342 [INFO] IPUIPlugin:74 - create IPUIPlugin
2023-09-27 17:01:30,347 [INFO] IPUIPlugin:74 - create IPUIPlugin
2023-09-27 17:01:30,348 [INFO] IPUIPlugin:74 - create IPUIPlugin
2023-09-27 17:01:30,348 [INFO] IPUIPlugin:74 - create IPUIPlugin
2023-09-27 17:01:30,348 [INFO] IPUIPlugin:74 - create IPUIPlugin
2023-09-27 17:01:30,349 [INFO] IPUIPlugin:74 - create IPUIPlugin
2023-09-27 17:01:30,349 [INFO] IPUIPlugin:74 - create IPUIPlugin
2023-09-27 17:01:30,349 [INFO] IPUIPlugin:74 - create IPUIPlugin
2023-09-27 17:01:30,349 [INFO] IPUIPlugin:74 - create IPUIPlugin
2023-09-27 17:01:30,350 [INFO] IPUIPlugin:74 - create IPUIPlugin
2023-09-27 17:01:30,350 [INFO] IPUIPlugin:74 - create IPUIPlugin
2023-09-27 17:01:30,350 [INFO] IPUIPlugin:74 - create IPUIPlugin
2023-09-27 17:01:30,350 [INFO] IPUIPlugin:74 - create IPUIPlugin
2023-09-27 17:01:30,351 [INFO] IPUIPlugin:74 - create IPUIPlugin
2023-09-27 17:01:30,351 [INFO] IPUIPlugin:74 - create IPUIPlugin
2023-09-27 17:01:30,459 [INFO] OpenFileManager:333 - Restore cursor
2023-09-27 17:01:30,640 [INFO] UtilMem:74 - End SaveConfig() Used Memory: 626034168 Bytes (670040064)
2023-09-27 17:01:30,683 [INFO] UtilMem:74 - End SaveConfig() Used Memory: 648014608 Bytes (670040064)
2023-09-27 17:01:31,019 [INFO] BlockDiagram:2740 - set Specific Code input for plugin: NVIC
2023-09-27 17:01:31,019 [INFO] BlockDiagram:2740 - set Specific Code input for plugin: SYS
2023-09-27 17:01:31,019 [INFO] BlockDiagram:2740 - set Specific Code input for plugin: RCC
2023-09-27 17:01:31,020 [INFO] CodeGenerator:663 - code generatio: config db path: C:\ST\STM32CubeIDE_1.7.0\STM32CubeIDE\plugins\com.st.stm32cube.common.mx_6.3.0.202107141111\\db\
2023-09-27 17:01:31,339 [INFO] CodeEngine:239 - oldGeneratedFile, D:\LAB_2\Src\MXTmpFiles\license.tmp_save
2023-09-27 17:01:31,654 [INFO] CodeEngine:257 - Generated code: D:\LAB_2\Src\MXTmpFiles\license.tmp
2023-09-27 17:01:31,749 [INFO] CodeEngine:239 - oldGeneratedFile, D:\LAB_2\Src\Core\Src\stm32f1xx_it.c_save
2023-09-27 17:01:31,848 [INFO] CodeEngine:257 - Generated code: D:\LAB_2\Src\Core\Src\stm32f1xx_it.c
2023-09-27 17:01:31,856 [INFO] CodeEngine:239 - oldGeneratedFile, D:\LAB_2\Src\Core\Inc\stm32f1xx_it.h_save
2023-09-27 17:01:31,910 [INFO] CodeEngine:257 - Generated code: D:\LAB_2\Src\Core\Inc\stm32f1xx_it.h
2023-09-27 17:01:31,932 [INFO] CodeEngine:239 - oldGeneratedFile, D:\LAB_2\Src\Core\Src\stm32f1xx_hal_msp.c_save
2023-09-27 17:01:32,043 [INFO] CodeEngine:257 - Generated code: D:\LAB_2\Src\Core\Src\stm32f1xx_hal_msp.c
2023-09-27 17:01:32,050 [INFO] CodeEngine:239 - oldGeneratedFile, D:\LAB_2\Src\MXTmpFiles\system.tmp_save
2023-09-27 17:01:32,123 [INFO] CodeEngine:257 - Generated code: D:\LAB_2\Src\MXTmpFiles\system.tmp
2023-09-27 17:01:32,135 [INFO] CodeEngine:239 - oldGeneratedFile, D:\LAB_2\Src\Core\Inc\stm32f1xx_hal_conf.h_save
2023-09-27 17:01:32,223 [INFO] CodeEngine:257 - Generated code: D:\LAB_2\Src\Core\Inc\stm32f1xx_hal_conf.h
2023-09-27 17:01:32,264 [INFO] CodeEngine:239 - oldGeneratedFile, D:\LAB_2\Src\Core\Inc\main.h_save
2023-09-27 17:01:32,337 [INFO] CodeEngine:257 - Generated code: D:\LAB_2\Src\Core\Inc\main.h
2023-09-27 17:01:32,344 [INFO] CodeEngine:239 - oldGeneratedFile, D:\LAB_2\Src\Core\Src\main.c_save
2023-09-27 17:01:32,432 [INFO] CodeEngine:257 - Generated code: D:\LAB_2\Src\Core\Src\main.c
2023-09-27 17:01:33,140 [INFO] ProjectBuilder:2578 - Time for Copy HAL[1] : 51mS.
2023-09-27 17:01:33,143 [INFO] ProjectBuilder:3622 - Project Generator version: 3.14.1
2023-09-27 17:01:33,609 [INFO] ConfigFileManager:1271 - The Die is : DIE412
2023-09-27 17:01:33,634 [INFO] ApiDbMcu:468 - Load IP Config File for FATFS
2023-09-27 17:01:33,667 [INFO] ApiDbMcu:468 - Load IP Config File for FREERTOS
2023-09-27 17:01:33,704 [INFO] ApiDbMcu:468 - Load IP Config File for USB_DEVICE
2023-09-27 17:01:37,897 [INFO] ProjectBuilder:3789 - Time for Generating toolchain IDE Files: 4754mS.
2023-09-27 17:01:37,897 [INFO] ProjectBuilder:2457 - Time for Copy CMSIS : 0mS.
2023-09-27 17:01:37,898 [INFO] ProjectBuilder:2457 - Time for Copy CMSIS : 0mS.
2023-09-27 17:01:38,756 [INFO] McuFinderGlobals:52 - Set McuFinderConnectedMode to true
2023-09-27 17:01:38,757 [INFO] ApiDb:276 - Save user favorites file C:\Users\Admin/.stm32cubeide/favorites.mcus.txt: 0 item(s)
2023-09-27 17:01:38,757 [INFO] ApiDb:280 - User favorites MCUs=[]
